' TERMIN.EXE - by RoboCop INDUSTRIES
' Bitte immer am Ende ein RETURN lassen

' ==== JANUAR ====

' ==== FEBRUAR ===
03.02. Jane Doe (1967)
07.02. Alfons R”seler (1981)

' ===== MŽRZ =====
01.03. Maria Musterfrau (1927)
08.03. Frauentag

' ===== APRIL ====

' ====== MAI =====

' ===== JUNI =====
01.06. Tag des Kindes

' ===== JULI =====

' ==== AUGUST ====

' == SEPTEMBER ===

' === OKTOBER ====

' === NOVEMBER ===
11.11. Karneval

' === DEZEMBER ===
24.12. Weihnachten
25.12. 1. Weihnachtsfeiertag
26.12. 2. Weihnachtsfeiertag
31.12. Silvester

' == USER-EINTRŽGE ==
